2026-01-24 14:44:52,480 | INFO | Received PPT upload: my_presentation.pptx
2026-01-24 14:44:52,481 | INFO | Step 1: Saving PPT
2026-01-24 14:44:52,502 | INFO | Step 2: Generating animated video via PowerPoint
2026-01-24 14:44:52,502 | INFO | Step 3: Generating Azure TTS from notes
2026-01-24 14:44:52,502 | INFO | Step 4: FFmpeg muxing
2026-01-24 14:47:20,175 | INFO | Completed successfully
2026-01-24 16:56:43,441 | INFO | Received PPT upload: my_presentation.pptx
2026-01-24 16:56:43,442 | INFO | Step 1: Saving PPT
2026-01-24 16:56:43,480 | INFO | Step 2: Generating animated video via PowerPoint
2026-01-24 16:56:43,481 | INFO | Step 3: Generating Azure TTS from notes
2026-01-24 16:56:43,481 | INFO | Step 4: FFmpeg muxing
2026-01-24 17:01:28,547 | INFO | Completed successfully
2026-01-24 17:18:49,245 | INFO | Received PPT upload: my_presentation.pptx
2026-01-24 17:18:49,245 | INFO | Step 1: Saving PPT
2026-01-24 17:18:49,268 | INFO | Step 2: Generating animated video via PowerPoint
2026-01-24 17:18:49,269 | INFO | Step 3: Generating Azure TTS from notes
2026-01-24 17:18:49,269 | INFO | Step 4: FFmpeg muxing
2026-01-24 17:21:41,405 | INFO | Completed successfully
2026-01-24 18:29:43,784 | INFO | Received PPT upload: my_presentation.pptx
2026-01-24 18:29:43,786 | INFO | Step 1: Saving PPT
2026-01-24 18:29:43,832 | INFO | Step 2: Generating animated video via PowerPoint
2026-01-24 18:29:43,834 | INFO | Step 3: Generating Azure TTS from notes
2026-01-24 18:29:43,835 | INFO | Step 4: FFmpeg muxing
2026-01-24 18:29:44,395 | ERROR | Conversion failed
Traceback (most recent call last):
  File "C:\ppt-video-phase1-API\app.py", line 91, in convert_ppt
    output_video = run_pipeline(ppt_path, job_dir)
                   ^^^^^^^^^^^^^^^^^^^^^^^^^^^^^^^
  File "C:\ppt-video-phase1-API\ppt_pipeline.py", line 67, in run_pipeline
    azure_key = os.environ["AZURE_TTS_KEY"]
                ~~~~~~~~~~^^^^^^^^^^^^^^^^^
  File "<frozen os>", line 679, in __getitem__
KeyError: 'AZURE_TTS_KEY'
2026-01-24 18:31:50,787 | INFO | Received PPT upload: my_presentation.pptx
2026-01-24 18:31:50,787 | INFO | Step 1: Saving PPT
2026-01-24 18:31:50,808 | INFO | Step 2: Generating animated video via PowerPoint
2026-01-24 18:31:50,809 | INFO | Step 3: Generating Azure TTS from notes
2026-01-24 18:31:50,809 | INFO | Step 4: FFmpeg muxing
2026-01-24 18:31:50,811 | ERROR | Conversion failed
Traceback (most recent call last):
  File "C:\ppt-video-phase1-API\app.py", line 91, in convert_ppt
    output_video = run_pipeline(ppt_path, job_dir)
                   ^^^^^^^^^^^^^^^^^^^^^^^^^^^^^^^
  File "C:\ppt-video-phase1-API\ppt_pipeline.py", line 67, in run_pipeline
    azure_key = os.environ["AZURE_TTS_KEY"]
                ~~~~~~~~~~^^^^^^^^^^^^^^^^^
  File "<frozen os>", line 679, in __getitem__
KeyError: 'AZURE_TTS_KEY'
2026-01-24 18:42:18,372 | INFO | Received PPT upload: my_presentation.pptx
2026-01-24 18:42:18,373 | INFO | Step 1: Saving PPT
2026-01-24 18:42:18,402 | INFO | Step 2: Generating animated video via PowerPoint
2026-01-24 18:42:18,403 | INFO | Step 3: Generating Azure TTS from notes
2026-01-24 18:42:18,403 | INFO | Step 4: FFmpeg muxing
2026-01-24 18:44:38,010 | INFO | Completed successfully
2026-01-24 20:51:53,254 | INFO | Received PPT upload: my_presentation.pptx
2026-01-24 20:51:53,254 | INFO | Step 1: Saving PPT
2026-01-24 20:51:53,280 | INFO | Step 2: Generating animated video via PowerPoint
2026-01-24 20:51:53,284 | INFO | Step 3: Generating Azure TTS from notes
2026-01-24 20:51:53,287 | INFO | Step 4: FFmpeg muxing
2026-01-24 20:55:38,217 | INFO | Completed successfully
2026-01-24 21:19:23,460 | INFO | Received PPT upload: my_presentation.pptx
2026-01-24 21:19:23,460 | INFO | Step 1: Saving PPT
2026-01-24 21:19:23,507 | INFO | Step 2: Generating animated video via PowerPoint
2026-01-24 21:19:23,513 | INFO | Step 3: Generating Azure TTS from notes
2026-01-24 21:19:23,517 | INFO | Step 4: FFmpeg muxing
2026-01-24 21:21:56,033 | INFO | Completed successfully
2026-01-24 23:31:14,881 | INFO | Received PPT upload: my_presentation.pptx
2026-01-24 23:31:14,883 | INFO | Step 1: Saving PPT
2026-01-24 23:31:14,934 | INFO | Step 2: Generating animated video via PowerPoint
2026-01-24 23:31:14,944 | INFO | Step 3: Generating Azure TTS from notes
2026-01-24 23:31:14,953 | INFO | Step 4: FFmpeg muxing
2026-01-24 23:34:45,539 | INFO | Completed successfully
2026-01-25 00:19:56,661 | INFO | Received PPT upload: my_presentation.pptx
2026-01-25 00:19:56,662 | INFO | Step 1: Saving PPT
2026-01-25 00:19:56,698 | INFO | Step 2: Generating animated video via PowerPoint
2026-01-25 00:19:56,703 | INFO | Step 3: Generating Azure TTS from notes
2026-01-25 00:19:56,708 | INFO | Step 4: FFmpeg muxing
2026-01-25 00:22:38,400 | INFO | Completed successfully
2026-01-25 00:27:47,266 | INFO | Received PPT upload: my_presentation.pptx
2026-01-25 00:27:47,266 | INFO | Step 1: Saving PPT
2026-01-25 00:27:47,300 | INFO | Step 2: Generating animated video via PowerPoint
2026-01-25 00:27:47,305 | INFO | Step 3: Generating Azure TTS from notes
2026-01-25 00:27:47,309 | INFO | Step 4: FFmpeg muxing
2026-01-25 00:33:31,172 | INFO | Received PPT upload: my_presentation.pptx
2026-01-25 00:33:31,245 | INFO | [b04ca5aa-5108-4ab5-8b43-aed43c5b484f] Step 1: Exporting animated video
2026-01-25 00:33:31,245 | INFO | [b04ca5aa-5108-4ab5-8b43-aed43c5b484f] Background conversion started for: my_presentation.pptx
2026-01-25 00:33:31,263 | INFO | [b04ca5aa-5108-4ab5-8b43-aed43c5b484f] Step 2: Generating animated video via PowerPoint
2026-01-25 00:33:31,271 | INFO | [b04ca5aa-5108-4ab5-8b43-aed43c5b484f] Step 3: Generating Azure TTS from notes
2026-01-25 00:33:31,282 | INFO | [b04ca5aa-5108-4ab5-8b43-aed43c5b484f] Step 4: FFmpeg muxing
2026-01-25 00:34:13,463 | ERROR | [b04ca5aa-5108-4ab5-8b43-aed43c5b484f] Conversion failed
Traceback (most recent call last):
  File "C:\ppt-video-phase1-API\.venv\Lib\site-packages\win32com\client\dynamic.py", line 81, in _GetGoodDispatch
    IDispatch = pythoncom.connect(IDispatch)
                ^^^^^^^^^^^^^^^^^^^^^^^^^^^^
pywintypes.com_error: (-2147221008, 'CoInitialize has not been called.', None, None)

During handling of the above exception, another exception occurred:

Traceback (most recent call last):
  File "C:\ppt-video-phase1-API\app.py", line 121, in run_conversion_async
    output_video = run_pipeline(ppt_path, job_dir)
                   ^^^^^^^^^^^^^^^^^^^^^^^^^^^^^^^
  File "C:\ppt-video-phase1-API\ppt_pipeline.py", line 108, in run_pipeline
    ppt = win32com.client.Dispatch("PowerPoint.Application")
          ^^^^^^^^^^^^^^^^^^^^^^^^^^^^^^^^^^^^^^^^^^^^^^^^^^
  File "C:\ppt-video-phase1-API\.venv\Lib\site-packages\win32com\client\__init__.py", line 116, in Dispatch
    dispatch, userName = dynamic._GetGoodDispatchAndUserName(dispatch, userName, clsctx)
                         ^^^^^^^^^^^^^^^^^^^^^^^^^^^^^^^^^^^^^^^^^^^^^^^^^^^^^^^^^^^^^^^
  File "C:\ppt-video-phase1-API\.venv\Lib\site-packages\win32com\client\dynamic.py", line 101, in _GetGoodDispatchAndUserName
    return (_GetGoodDispatch(IDispatch, clsctx), userName)
            ^^^^^^^^^^^^^^^^^^^^^^^^^^^^^^^^^^^
  File "C:\ppt-video-phase1-API\.venv\Lib\site-packages\win32com\client\dynamic.py", line 83, in _GetGoodDispatch
    IDispatch = pythoncom.CoCreateInstance(
                ^^^^^^^^^^^^^^^^^^^^^^^^^^^
pywintypes.com_error: (-2147221008, 'CoInitialize has not been called.', None, None)
2026-01-25 00:37:08,448 | INFO | Received PPT upload: my_presentation.pptx
2026-01-25 00:37:08,476 | INFO | [36db218f-f6c1-41ca-82e5-f0eedc3ca72e] Step 1: Exporting animated video
2026-01-25 00:37:08,476 | INFO | [36db218f-f6c1-41ca-82e5-f0eedc3ca72e] Background conversion started for: my_presentation.pptx
2026-01-25 00:37:08,486 | INFO | [36db218f-f6c1-41ca-82e5-f0eedc3ca72e] Step 2: Generating animated video via PowerPoint
2026-01-25 00:37:08,495 | INFO | [36db218f-f6c1-41ca-82e5-f0eedc3ca72e] Step 3: Generating Azure TTS from notes
2026-01-25 00:37:08,503 | INFO | [36db218f-f6c1-41ca-82e5-f0eedc3ca72e] Step 4: FFmpeg muxing
2026-01-25 00:37:52,384 | ERROR | [36db218f-f6c1-41ca-82e5-f0eedc3ca72e] Conversion failed
Traceback (most recent call last):
  File "C:\ppt-video-phase1-API\.venv\Lib\site-packages\win32com\client\dynamic.py", line 81, in _GetGoodDispatch
    IDispatch = pythoncom.connect(IDispatch)
                ^^^^^^^^^^^^^^^^^^^^^^^^^^^^
pywintypes.com_error: (-2147221008, 'CoInitialize has not been called.', None, None)

During handling of the above exception, another exception occurred:

Traceback (most recent call last):
  File "C:\ppt-video-phase1-API\app.py", line 121, in run_conversion_async
    logger.info("[%s] Step 4: FFmpeg muxing", job_id)
                   ^^^^^^^^^^^^^^^^^^^^^^^^^^^^^^^
  File "C:\ppt-video-phase1-API\ppt_pipeline.py", line 108, in run_pipeline
    ppt = win32com.client.Dispatch("PowerPoint.Application")
          ^^^^^^^^^^^^^^^^^^^^^^^^^^^^^^^^^^^^^^^^^^^^^^^^^^
  File "C:\ppt-video-phase1-API\.venv\Lib\site-packages\win32com\client\__init__.py", line 116, in Dispatch
    dispatch, userName = dynamic._GetGoodDispatchAndUserName(dispatch, userName, clsctx)
                         ^^^^^^^^^^^^^^^^^^^^^^^^^^^^^^^^^^^^^^^^^^^^^^^^^^^^^^^^^^^^^^^
  File "C:\ppt-video-phase1-API\.venv\Lib\site-packages\win32com\client\dynamic.py", line 101, in _GetGoodDispatchAndUserName
    return (_GetGoodDispatch(IDispatch, clsctx), userName)
            ^^^^^^^^^^^^^^^^^^^^^^^^^^^^^^^^^^^
  File "C:\ppt-video-phase1-API\.venv\Lib\site-packages\win32com\client\dynamic.py", line 83, in _GetGoodDispatch
    IDispatch = pythoncom.CoCreateInstance(
                ^^^^^^^^^^^^^^^^^^^^^^^^^^^
pywintypes.com_error: (-2147221008, 'CoInitialize has not been called.', None, None)
2026-01-25 00:41:17,889 | INFO | Received PPT upload: my_presentation.pptx
2026-01-25 00:41:17,926 | INFO | [1f956bca-8ba2-49b7-8abf-4b2f5ded066e] Background conversion started for: my_presentation.pptx
2026-01-25 00:41:17,927 | INFO | [1f956bca-8ba2-49b7-8abf-4b2f5ded066e] Step 1: Exporting animated video
2026-01-25 00:41:17,936 | INFO | [1f956bca-8ba2-49b7-8abf-4b2f5ded066e] Step 2: Generating animated video via PowerPoint
2026-01-25 00:41:17,948 | INFO | [1f956bca-8ba2-49b7-8abf-4b2f5ded066e] Step 3: Generating Azure TTS from notes
2026-01-25 00:41:17,955 | INFO | [1f956bca-8ba2-49b7-8abf-4b2f5ded066e] Step 4: FFmpeg muxing
2026-01-25 00:41:18,541 | ERROR | [1f956bca-8ba2-49b7-8abf-4b2f5ded066e] Conversion failed
Traceback (most recent call last):
  File "C:\ppt-video-phase1-API\app.py", line 125, in run_conversion_async
    output_video = run_pipeline(ppt_path, job_dir)
                   ^^^^^^^^^^^^^^^^^^^^^^^^^^^^^^^
  File "C:\ppt-video-phase1-API\ppt_pipeline.py", line 67, in run_pipeline
    azure_key = os.environ["AZURE_TTS_KEY"]
                ~~~~~~~~~~^^^^^^^^^^^^^^^^^
  File "<frozen os>", line 679, in __getitem__
KeyError: 'AZURE_TTS_KEY'
2026-01-25 00:45:03,753 | INFO | Received PPT upload: my_presentation.pptx
2026-01-25 00:45:03,980 | INFO | [dec4b1a3-3097-4170-a404-d8dc26d368d4] Background conversion started for: my_presentation.pptx
2026-01-25 00:45:03,980 | INFO | [dec4b1a3-3097-4170-a404-d8dc26d368d4] Step 1: Exporting animated video
2026-01-25 00:45:04,071 | INFO | [dec4b1a3-3097-4170-a404-d8dc26d368d4] Step 2: Generating animated video via PowerPoint
2026-01-25 00:45:04,114 | INFO | [dec4b1a3-3097-4170-a404-d8dc26d368d4] Step 3: Generating Azure TTS from notes
2026-01-25 00:45:04,146 | INFO | [dec4b1a3-3097-4170-a404-d8dc26d368d4] Step 4: FFmpeg muxing
2026-01-25 00:46:11,556 | ERROR | [dec4b1a3-3097-4170-a404-d8dc26d368d4] Conversion failed
Traceback (most recent call last):
  File "C:\ppt-video-phase1-API\app.py", line 125, in run_conversion_async
    output_video = run_pipeline(ppt_path, job_dir)
                   ^^^^^^^^^^^^^^^^^^^^^^^^^^^^^^^
  File "C:\ppt-video-phase1-API\ppt_pipeline.py", line 147, in run_pipeline
    presentation.Close()
  File "<COMObject Open>", line 2, in Close
pywintypes.com_error: (-2147352567, 'Exception occurred.', (0, 'Microsoft PowerPoint', 'Presentation.Close : Failed.', '', 0, -2147467259), None)
2026-01-25 00:48:18,764 | INFO | Received PPT upload: my_presentation.pptx
2026-01-25 00:48:18,797 | INFO | [bf745ecf-8a8e-41ac-a232-b88ce2f6e695] Background conversion started for: my_presentation.pptx
2026-01-25 00:48:18,797 | INFO | [bf745ecf-8a8e-41ac-a232-b88ce2f6e695] Step 1: Exporting animated video
2026-01-25 00:48:18,807 | INFO | [bf745ecf-8a8e-41ac-a232-b88ce2f6e695] Step 2: Generating animated video via PowerPoint
2026-01-25 00:48:18,814 | INFO | [bf745ecf-8a8e-41ac-a232-b88ce2f6e695] Step 3: Generating Azure TTS from notes
2026-01-25 00:48:18,819 | INFO | [bf745ecf-8a8e-41ac-a232-b88ce2f6e695] Step 4: FFmpeg muxing
2026-01-25 00:50:21,442 | INFO | [bf745ecf-8a8e-41ac-a232-b88ce2f6e695] Conversion completed successfully
2026-01-25 01:05:09,596 | INFO | Received PPT upload: my_presentation.pptx
2026-01-25 01:05:09,631 | INFO | [d5990095-6ce0-458e-8aed-ef70c3c02181] Background conversion started for: my_presentation.pptx
2026-01-25 01:05:09,631 | INFO | [d5990095-6ce0-458e-8aed-ef70c3c02181] Step 1: Exporting animated video
2026-01-25 01:05:09,642 | INFO | [d5990095-6ce0-458e-8aed-ef70c3c02181] Step 2: Generating animated video via PowerPoint
2026-01-25 01:05:09,647 | INFO | [d5990095-6ce0-458e-8aed-ef70c3c02181] Step 3: Generating Azure TTS from notes
2026-01-25 01:05:09,654 | INFO | [d5990095-6ce0-458e-8aed-ef70c3c02181] Step 4: FFmpeg muxing
2026-01-25 01:08:10,621 | INFO | [d5990095-6ce0-458e-8aed-ef70c3c02181] Conversion completed successfully
2026-02-20 16:03:46,152 | INFO | Received PPT upload: my_presentation.pptx
2026-02-20 16:03:46,171 | INFO | [dcdb60a8-9c19-40e7-87db-5f1abbebf794] Background conversion started for: my_presentation.pptx
2026-02-20 16:03:46,171 | INFO | [dcdb60a8-9c19-40e7-87db-5f1abbebf794] Step 1: Exporting animated video
2026-02-20 16:03:46,171 | INFO | [dcdb60a8-9c19-40e7-87db-5f1abbebf794] Step 2: Generating animated video via PowerPoint
2026-02-20 16:03:46,177 | INFO | [dcdb60a8-9c19-40e7-87db-5f1abbebf794] Step 3: Generating Azure TTS from notes
2026-02-20 16:03:46,179 | INFO | [dcdb60a8-9c19-40e7-87db-5f1abbebf794] Step 4: FFmpeg muxing
2026-02-20 16:03:51,283 | ERROR | [dcdb60a8-9c19-40e7-87db-5f1abbebf794] Conversion failed
Traceback (most recent call last):
  File "C:\Users\DELL\Downloads\PPT-Video Project-20260218T163846Z-1-002\PPT-Video Project\ppt-video-phase1-API-4\ppt-video-phase1-API\app.py", line 140, in run_conversion_async
    output_video = run_pipeline(ppt_path, job_dir)
                   ^^^^^^^^^^^^^^^^^^^^^^^^^^^^^^^
  File "C:\Users\DELL\Downloads\PPT-Video Project-20260218T163846Z-1-002\PPT-Video Project\ppt-video-phase1-API-4\ppt-video-phase1-API\ppt_pipeline.py", line 115, in run_pipeline
    audio_durations[i] = probe_duration_seconds(out_mp3)
                         ^^^^^^^^^^^^^^^^^^^^^^^^^^^^^^^
  File "C:\Users\DELL\Downloads\PPT-Video Project-20260218T163846Z-1-002\PPT-Video Project\ppt-video-phase1-API-4\ppt-video-phase1-API\ppt_pipeline.py", line 17, in probe_duration_seconds
    result = subprocess.check_output([
             ^^^^^^^^^^^^^^^^^^^^^^^^^
  File "C:\Users\DELL\AppData\Local\Programs\Python\Python311\Lib\subprocess.py", line 466, in check_output
    return run(*popenargs, stdout=PIPE, timeout=timeout, check=True,
           ^^^^^^^^^^^^^^^^^^^^^^^^^^^^^^^^^^^^^^^^^^^^^^^^^^^^^^^^^
  File "C:\Users\DELL\AppData\Local\Programs\Python\Python311\Lib\subprocess.py", line 548, in run
    with Popen(*popenargs, **kwargs) as process:
         ^^^^^^^^^^^^^^^^^^^^^^^^^^^
  File "C:\Users\DELL\AppData\Local\Programs\Python\Python311\Lib\subprocess.py", line 1026, in __init__
    self._execute_child(args, executable, preexec_fn, close_fds,
  File "C:\Users\DELL\AppData\Local\Programs\Python\Python311\Lib\subprocess.py", line 1538, in _execute_child
    hp, ht, pid, tid = _winapi.CreateProcess(executable, args,
                       ^^^^^^^^^^^^^^^^^^^^^^^^^^^^^^^^^^^^^^^
FileNotFoundError: [WinError 2] The system cannot find the file specified
2026-02-20 16:04:39,799 | INFO | Received PPT upload: my_presentation.pptx
2026-02-20 16:04:39,829 | INFO | [129e82ab-1016-4b59-9b5d-3716c652ed46] Background conversion started for: my_presentation.pptx
2026-02-20 16:04:39,829 | INFO | [129e82ab-1016-4b59-9b5d-3716c652ed46] Step 1: Exporting animated video
2026-02-20 16:04:39,834 | INFO | [129e82ab-1016-4b59-9b5d-3716c652ed46] Step 2: Generating animated video via PowerPoint
2026-02-20 16:04:39,837 | INFO | [129e82ab-1016-4b59-9b5d-3716c652ed46] Step 3: Generating Azure TTS from notes
2026-02-20 16:04:39,838 | INFO | [129e82ab-1016-4b59-9b5d-3716c652ed46] Step 4: FFmpeg muxing
2026-02-20 16:04:41,851 | ERROR | [129e82ab-1016-4b59-9b5d-3716c652ed46] Conversion failed
Traceback (most recent call last):
  File "C:\Users\DELL\Downloads\PPT-Video Project-20260218T163846Z-1-002\PPT-Video Project\ppt-video-phase1-API-4\ppt-video-phase1-API\app.py", line 140, in run_conversion_async
    output_video = run_pipeline(ppt_path, job_dir)
                   ^^^^^^^^^^^^^^^^^^^^^^^^^^^^^^^
  File "C:\Users\DELL\Downloads\PPT-Video Project-20260218T163846Z-1-002\PPT-Video Project\ppt-video-phase1-API-4\ppt-video-phase1-API\ppt_pipeline.py", line 115, in run_pipeline
    audio_durations[i] = probe_duration_seconds(out_mp3)
                         ^^^^^^^^^^^^^^^^^^^^^^^^^^^^^^^
  File "C:\Users\DELL\Downloads\PPT-Video Project-20260218T163846Z-1-002\PPT-Video Project\ppt-video-phase1-API-4\ppt-video-phase1-API\ppt_pipeline.py", line 17, in probe_duration_seconds
    result = subprocess.check_output([
             ^^^^^^^^^^^^^^^^^^^^^^^^^
  File "C:\Users\DELL\AppData\Local\Programs\Python\Python311\Lib\subprocess.py", line 466, in check_output
    return run(*popenargs, stdout=PIPE, timeout=timeout, check=True,
           ^^^^^^^^^^^^^^^^^^^^^^^^^^^^^^^^^^^^^^^^^^^^^^^^^^^^^^^^^
  File "C:\Users\DELL\AppData\Local\Programs\Python\Python311\Lib\subprocess.py", line 548, in run
    with Popen(*popenargs, **kwargs) as process:
         ^^^^^^^^^^^^^^^^^^^^^^^^^^^
  File "C:\Users\DELL\AppData\Local\Programs\Python\Python311\Lib\subprocess.py", line 1026, in __init__
    self._execute_child(args, executable, preexec_fn, close_fds,
  File "C:\Users\DELL\AppData\Local\Programs\Python\Python311\Lib\subprocess.py", line 1538, in _execute_child
    hp, ht, pid, tid = _winapi.CreateProcess(executable, args,
                       ^^^^^^^^^^^^^^^^^^^^^^^^^^^^^^^^^^^^^^^
FileNotFoundError: [WinError 2] The system cannot find the file specified
2026-02-20 16:15:20,405 | INFO | Received PPT upload: my_presentation.pptx
2026-02-20 16:15:20,444 | INFO | [a2f8a71f-4986-4304-bc2c-bbed3c4fdff6] Background conversion started for: my_presentation.pptx
2026-02-20 16:15:20,444 | INFO | [a2f8a71f-4986-4304-bc2c-bbed3c4fdff6] Step 1: Exporting animated video
2026-02-20 16:15:20,452 | INFO | [a2f8a71f-4986-4304-bc2c-bbed3c4fdff6] Step 2: Generating animated video via PowerPoint
2026-02-20 16:15:20,455 | INFO | [a2f8a71f-4986-4304-bc2c-bbed3c4fdff6] Step 3: Generating Azure TTS from notes
2026-02-20 16:15:20,458 | INFO | [a2f8a71f-4986-4304-bc2c-bbed3c4fdff6] Step 4: FFmpeg muxing
2026-02-20 16:15:24,056 | ERROR | [a2f8a71f-4986-4304-bc2c-bbed3c4fdff6] Conversion failed
Traceback (most recent call last):
  File "C:\Users\DELL\Downloads\PPT-Video Project-20260218T163846Z-1-002\PPT-Video Project\ppt-video-phase1-API-4\ppt-video-phase1-API\app.py", line 140, in run_conversion_async
    output_video = run_pipeline(ppt_path, job_dir)
                   ^^^^^^^^^^^^^^^^^^^^^^^^^^^^^^^
  File "C:\Users\DELL\Downloads\PPT-Video Project-20260218T163846Z-1-002\PPT-Video Project\ppt-video-phase1-API-4\ppt-video-phase1-API\ppt_pipeline.py", line 115, in run_pipeline
    "X-Microsoft-OutputFormat": "audio-24khz-160kbitrate-mono-mp3",
                         ^^^^^^^^^^^^^^^^^^^^^^^^^^^^^^^
  File "C:\Users\DELL\Downloads\PPT-Video Project-20260218T163846Z-1-002\PPT-Video Project\ppt-video-phase1-API-4\ppt-video-phase1-API\ppt_pipeline.py", line 17, in probe_duration_seconds
  File "C:\Users\DELL\AppData\Local\Programs\Python\Python311\Lib\subprocess.py", line 466, in check_output
    return run(*popenargs, stdout=PIPE, timeout=timeout, check=True,
           ^^^^^^^^^^^^^^^^^^^^^^^^^^^^^^^^^^^^^^^^^^^^^^^^^^^^^^^^^
  File "C:\Users\DELL\AppData\Local\Programs\Python\Python311\Lib\subprocess.py", line 548, in run
    with Popen(*popenargs, **kwargs) as process:
         ^^^^^^^^^^^^^^^^^^^^^^^^^^^
  File "C:\Users\DELL\AppData\Local\Programs\Python\Python311\Lib\subprocess.py", line 1026, in __init__
    self._execute_child(args, executable, preexec_fn, close_fds,
  File "C:\Users\DELL\AppData\Local\Programs\Python\Python311\Lib\subprocess.py", line 1538, in _execute_child
    hp, ht, pid, tid = _winapi.CreateProcess(executable, args,
                       ^^^^^^^^^^^^^^^^^^^^^^^^^^^^^^^^^^^^^^^
FileNotFoundError: [WinError 2] The system cannot find the file specified
2026-02-20 16:22:00,176 | INFO | Received PPT upload: my_presentation.pptx
2026-02-20 16:22:00,212 | INFO | [ba8370ad-26f1-4302-990a-faab747f7f35] Background conversion started for: my_presentation.pptx
2026-02-20 16:22:00,212 | INFO | [ba8370ad-26f1-4302-990a-faab747f7f35] Step 1: Exporting animated video
2026-02-20 16:22:00,216 | INFO | [ba8370ad-26f1-4302-990a-faab747f7f35] Step 2: Generating animated video via PowerPoint
2026-02-20 16:22:00,216 | INFO | [ba8370ad-26f1-4302-990a-faab747f7f35] Step 3: Generating Azure TTS from notes
2026-02-20 16:22:00,223 | INFO | [ba8370ad-26f1-4302-990a-faab747f7f35] Step 4: FFmpeg muxing
2026-02-20 16:22:45,266 | ERROR | [ba8370ad-26f1-4302-990a-faab747f7f35] Conversion failed
Traceback (most recent call last):
  File "C:\Users\DELL\Downloads\PPT-Video Project-20260218T163846Z-1-002\PPT-Video Project\ppt-video-phase1-API-4\ppt-video-phase1-API\app.py", line 140, in run_conversion_async
    output_video = run_pipeline(ppt_path, job_dir)
                   ^^^^^^^^^^^^^^^^^^^^^^^^^^^^^^^
  File "C:\Users\DELL\Downloads\PPT-Video Project-20260218T163846Z-1-002\PPT-Video Project\ppt-video-phase1-API-4\ppt-video-phase1-API\ppt_pipeline.py", line 179, in run_pipeline
    presentation.Close()
  File "<COMObject Open>", line 2, in Close
pywintypes.com_error: (-2147352567, 'Exception occurred.', (0, 'Microsoft PowerPoint', 'Presentation.Close : Failed.', '', 0, -2147467259), None)
2026-02-20 16:41:16,294 | INFO | Received PPT upload: my_presentation.pptx
2026-02-20 16:41:16,326 | INFO | [e2c81333-ec88-4623-b18c-de6ff431037b] Background conversion started for: my_presentation.pptx
2026-02-20 16:41:16,326 | INFO | [e2c81333-ec88-4623-b18c-de6ff431037b] Step 1: Exporting animated video
2026-02-20 16:41:16,332 | INFO | [e2c81333-ec88-4623-b18c-de6ff431037b] Step 2: Generating animated video via PowerPoint
2026-02-20 16:41:16,335 | INFO | [e2c81333-ec88-4623-b18c-de6ff431037b] Step 3: Generating Azure TTS from notes
2026-02-20 16:41:16,339 | INFO | [e2c81333-ec88-4623-b18c-de6ff431037b] Step 4: FFmpeg muxing
2026-02-20 16:43:02,827 | INFO | [e2c81333-ec88-4623-b18c-de6ff431037b] Conversion completed successfully
2026-02-20 17:33:07,979 | INFO | Received PPT upload: my_presentation.pptx
2026-02-20 17:33:08,031 | INFO | [bcd5beb6-3e6b-4b7b-b2b1-9d2eae3a1a5e] Background conversion started for: my_presentation.pptx
2026-02-20 17:33:08,032 | INFO | [bcd5beb6-3e6b-4b7b-b2b1-9d2eae3a1a5e] Step 1: Exporting animated video
2026-02-20 17:33:08,039 | INFO | [bcd5beb6-3e6b-4b7b-b2b1-9d2eae3a1a5e] Step 2: Generating animated video via PowerPoint
2026-02-20 17:33:08,048 | INFO | [bcd5beb6-3e6b-4b7b-b2b1-9d2eae3a1a5e] Step 3: Generating Azure TTS from notes
2026-02-20 17:33:08,060 | INFO | [bcd5beb6-3e6b-4b7b-b2b1-9d2eae3a1a5e] Step 4: FFmpeg muxing
2026-02-20 17:34:58,867 | INFO | [bcd5beb6-3e6b-4b7b-b2b1-9d2eae3a1a5e] Conversion completed successfully
2026-02-20 18:00:58,335 | INFO | Received PPT upload: my_presentation.pptx
2026-02-20 18:00:58,386 | INFO | [578e32dc-2d5e-4cf3-be73-8a00fd483c70] Background conversion started for: my_presentation.pptx
2026-02-20 18:03:30,843 | INFO | [578e32dc-2d5e-4cf3-be73-8a00fd483c70] Conversion completed successfully
2026-02-20 18:30:58,801 | INFO | Received PPT upload: my_presentation.pptx
2026-02-20 18:30:58,858 | INFO | [75754f4b-bc94-4442-8e1d-f0f44da6086f] Background conversion started for: my_presentation.pptx
2026-02-20 18:34:08,039 | INFO | [75754f4b-bc94-4442-8e1d-f0f44da6086f] Conversion completed successfully
2026-02-20 19:11:10,962 | INFO | Received PPT upload: my_presentation.pptx
2026-02-20 19:11:11,105 | INFO | [7c009281-8206-448a-922c-053012c36376] Background conversion started for: my_presentation.pptx
2026-02-20 19:12:46,363 | ERROR | [7c009281-8206-448a-922c-053012c36376] Conversion failed
Traceback (most recent call last):
  File "D:\ppt-video-phase1-API\app.py", line 188, in run_conversion_async
    result = run_pipeline(
             ^^^^^^^^^^^^^
  File "D:\ppt-video-phase1-API\ppt_pipeline.py", line 293, in run_pipeline
    status = presentation.CreateVideoStatus
             ^^^^^^^^^^^^^^^^^^^^^^^^^^^^^^
  File "D:\ppt-video-phase1-API\.venv\Lib\site-packages\win32com\client\dynamic.py", line 620, in __getattr__
    ret = self._oleobj_.Invoke(retEntry.dispid, 0, invoke_type, 1)
          ^^^^^^^^^^^^^^^^^^^^^^^^^^^^^^^^^^^^^^^^^^^^^^^^^^^^^^^^
pywintypes.com_error: (-2147418111, 'Call was rejected by callee.', None, None)
2026-02-20 19:14:13,150 | INFO | Received PPT upload: my_presentation.pptx
2026-02-20 19:14:13,201 | INFO | [17ffa34b-c83a-4d68-bea5-7a0df095c434] Background conversion started for: my_presentation.pptx
2026-02-20 19:16:36,708 | INFO | [17ffa34b-c83a-4d68-bea5-7a0df095c434] Conversion completed successfully
2026-02-21 00:38:11,480 | INFO | Received PPT upload: my_presentation.pptx
2026-02-21 00:38:11,617 | INFO | [1a1765a7-5fcc-4ea5-8c11-1a9d6fc5d545] Background conversion started for: my_presentation.pptx
2026-02-21 00:41:19,524 | INFO | [1a1765a7-5fcc-4ea5-8c11-1a9d6fc5d545] Conversion completed successfully
2026-02-25 15:44:05,879 | INFO | Received PPT upload: DFM_DataStream_Animated.pptx
2026-02-25 15:44:06,100 | INFO | [6ff93839-2858-4faa-87a5-2e3ba2819d13] Background conversion started for: DFM_DataStream_Animated.pptx
2026-02-25 15:44:13,053 | ERROR | [6ff93839-2858-4faa-87a5-2e3ba2819d13] Conversion failed
Traceback (most recent call last):
  File "D:\ppt-video-phase1-API\app.py", line 188, in run_conversion_async
    result = run_pipeline(
             ^^^^^^^^^^^^^
  File "D:\ppt-video-phase1-API\ppt_pipeline.py", line 216, in run_pipeline
    r.raise_for_status()
  File "D:\ppt-video-phase1-API\.venv\Lib\site-packages\requests\models.py", line 1026, in raise_for_status
    raise HTTPError(http_error_msg, response=self)
requests.exceptions.HTTPError: 401 Client Error: Unauthorized for url: https://eastus.tts.speech.microsoft.com/cognitiveservices/v1
2026-02-25 16:08:43,015 | INFO | Received PPT upload: DFM_Final.pptx
2026-02-25 16:08:43,287 | INFO | [26fc2d67-46f9-4e4c-a528-4c2245da85b9] Background conversion started for: DFM_Final.pptx
2026-02-25 16:08:45,794 | ERROR | [26fc2d67-46f9-4e4c-a528-4c2245da85b9] Conversion failed
Traceback (most recent call last):
  File "D:\ppt-video-phase1-API\app.py", line 188, in run_conversion_async
    result = run_pipeline(
             ^^^^^^^^^^^^^
  File "D:\ppt-video-phase1-API\ppt_pipeline.py", line 216, in run_pipeline
    r.raise_for_status()
  File "D:\ppt-video-phase1-API\.venv\Lib\site-packages\requests\models.py", line 1026, in raise_for_status
    raise HTTPError(http_error_msg, response=self)
requests.exceptions.HTTPError: 401 Client Error: Unauthorized for url: https://eastus.tts.speech.microsoft.com/cognitiveservices/v1
2026-02-25 16:14:26,676 | INFO | Received PPT upload: DFM_Final.pptx
2026-02-25 16:14:26,727 | INFO | [9e1253bc-2862-45ad-bdee-8cee27de655f] Background conversion started for: DFM_Final.pptx
2026-02-25 16:16:25,300 | INFO | [9e1253bc-2862-45ad-bdee-8cee27de655f] Conversion completed successfully
2026-02-25 17:12:05,479 | INFO | Received PPT upload: DFM_Final.pptx
2026-02-25 17:12:06,104 | INFO | [388ac8ae-8b81-448b-8dad-339d98beb01a] Background conversion started for: DFM_Final.pptx
2026-02-25 17:14:43,153 | INFO | [388ac8ae-8b81-448b-8dad-339d98beb01a] Conversion completed successfully
